<?xml version="1.0" encoding="UTF-8"?>
<!-- Generated by org.testng.reporters.JUnitReportReporter -->
<testsuite hostname="LENOVO" failures="0" tests="2" name="vtiger.Contact.Tests.CreateContactWithOrganizationTest" time="25.461" errors="0" timestamp="2023-04-14T12:05:52 IST" skipped="0">
  <testcase classname="vtiger.Contact.Tests.CreateContactWithOrganizationTest" name="sample" time="5.535"/>
  <system-out/>
  <testcase classname="vtiger.Contact.Tests.CreateContactWithOrganizationTest" name="createContactWithOrgTest" time="19.926"/>
  <system-out/>
</testsuite> <!-- vtiger.Contact.Tests.CreateContactWithOrganizationTest -->
